<?xml version="1.0" encoding="UTF-8"?>
<testsuite name="com.indifier.ApplicationTests" tests="1" skipped="0" failures="0" errors="0" timestamp="2025-02-09T04:20:46" hostname="DESKTOP-SA9Q6E5" time="2.029">
  <properties/>
  <testcase name="contextLoads()" classname="com.indifier.ApplicationTests" time="2.029"/>
  <system-out><![CDATA[09:50:36.853 [Test worker] INFO org.springframework.test.context.support.AnnotationConfigContextLoaderUtils -- Could not detect default configuration classes for test class [com.indifier.ApplicationTests]: ApplicationTests does not declare any static, non-private, non-final, nested classes annotated with @Configuration.
09:50:37.252 [Test worker] INFO org.springframework.boot.test.context.SpringBootTestContextBootstrapper -- Found @SpringBootConfiguration com.indifier.Application for test class com.indifier.ApplicationTests

  .   ____          _            __ _ _
 /\\ / ___'_ __ _ _(_)_ __  __ _ \ \ \ \
( ( )\___ | '_ | '_| | '_ \/ _` | \ \ \ \
 \\/  ___)| |_)| | | | | || (_| |  ) ) ) )
  '  |____| .__|_| |_|_| |_\__, | / / / /
 =========|_|==============|___/=/_/_/_/

 :: Spring Boot ::                (v3.4.2)

2025-02-09T09:50:38.524+05:30  INFO 12808 --- [indifier] [    Test worker] com.indifier.ApplicationTests            : Starting ApplicationTests using Java 17.0.12 with PID 12808 (started by guest123 in C:\Users\guest123\Desktop\RSI_indicator_notifier\indicator_notifier)
2025-02-09T09:50:38.529+05:30  INFO 12808 --- [indifier] [    Test worker] com.indifier.ApplicationTests            : No active profile set, falling back to 1 default profile: "default"
2025-02-09T09:50:46.235+05:30  INFO 12808 --- [indifier] [    Test worker] o.s.b.a.e.web.EndpointLinksResolver      : Exposing 1 endpoint beneath base path '/actuator'
2025-02-09T09:50:46.711+05:30  INFO 12808 --- [indifier] [    Test worker] com.indifier.ApplicationTests            : Started ApplicationTests in 8.968 seconds (process running for 14.172)
]]></system-out>
  <system-err><![CDATA[]]></system-err>
</testsuite>
